<?xml version="1.0" encoding="UTF-8"?>
<!-- Generated by org.testng.reporters.JUnitReportReporter -->
<testsuite hostname="HP" name="com.sellabs.SampleProject.SampleTest" tests="1" failures="0" timestamp="29 Feb 2020 05:54:56 GMT" time="0.034" errors="0">
  <testcase name="name" time="0.034" classname="com.sellabs.SampleProject.SampleTest"/>
</testsuite> <!-- com.sellabs.SampleProject.SampleTest -->
